<?xml version="1.0" encoding="UTF-8" ?>
<testsuite failures="0" time="0.58" errors="0" skipped="0" tests="3" name="chapter08.code.listing.controller.test.AddBookControllerTestContext">
  <properties>
    <property name="java.runtime.name" value="Java(TM) SE Runtime Environment"/>
    <property name="sun.boot.library.path" value="C:\vmware\jdk1.6.0_22\jre\bin"/>
    <property name="java.vm.version" value="17.1-b03"/>
    <property name="java.vm.vendor" value="Sun Microsystems Inc."/>
    <property name="java.vendor.url" value="http://java.sun.com/"/>
    <property name="path.separator" value=";"/>
    <property name="java.vm.name" value="Java HotSpot(TM) 64-Bit Server VM"/>
    <property name="file.encoding.pkg" value="sun.io"/>
    <property name="user.country" value="US"/>
    <property name="sun.java.launcher" value="SUN_STANDARD"/>
    <property name="sun.os.patch.level" value="Service Pack 1"/>
    <property name="java.vm.specification.name" value="Java Virtual Machine Specification"/>
    <property name="user.dir" value="C:\vmware\workspace\ch8_BookCatalog"/>
    <property name="java.runtime.version" value="1.6.0_22-b04"/>
    <property name="java.awt.graphicsenv" value="sun.awt.Win32GraphicsEnvironment"/>
    <property name="basedir" value="C:\vmware\workspace\ch8_BookCatalog"/>
    <property name="java.endorsed.dirs" value="C:\vmware\jdk1.6.0_22\jre\lib\endorsed"/>
    <property name="os.arch" value="amd64"/>
    <property name="surefire.real.class.path" value="C:\Users\agoli\AppData\Local\Temp\surefirebooter8823481522818980279.jar"/>
    <property name="java.io.tmpdir" value="C:\Users\agoli\AppData\Local\Temp\"/>
    <property name="line.separator" value="
"/>
    <property name="java.vm.specification.vendor" value="Sun Microsystems Inc."/>
    <property name="user.variant" value=""/>
    <property name="os.name" value="Windows 7"/>
    <property name="sun.jnu.encoding" value="Cp1252"/>
    <property name="java.library.path" value="C:\vmware\jdk1.6.0_22\jre\bin;.;C:\WINDOWS\Sun\Java\bin;C:\WINDOWS\system32;C:\WINDOWS;C:\Program Files (x86)\apache-maven-3.1.1\bin;C:\WINDOWS\system32;C:\WINDOWS;C:\WINDOWS\System32\Wbem;C:\vmware\jdk1.6.0_22\\bin;.;C:\Program Files (x86)\Intel\iCLS Client\;C:\Program Files\Intel\iCLS Client\;C:\WINDOWS\System32\WindowsPowerShell\v1.0\;C:\Program Files (x86)\Common Files\Roxio Shared\10.0\DLLShared\;C:\Program Files (x86)\Common Files\Roxio Shared\DLLShared\;C:\Program Files (x86)\Common Files\Roxio Shared\DLLShared\;C:\Program Files (x86)\Common Files\Roxio Shared\10.0\DLLShared\;C:\Program Files\Intel\Intel(R) Management Engine Components\DAL;C:\Program Files\Intel\Intel(R) Management Engine Components\IPT;C:\Program Files (x86)\Intel\Intel(R) Management Engine Components\DAL;C:\Program Files (x86)\Intel\Intel(R) Management Engine Components\IPT;C:\Program Files (x86)\Intel\OpenCL SDK\2.0\bin\x86;C:\Program Files (x86)\Intel\OpenCL SDK\2.0\bin\x64;C:\vmware\Perforce"/>
    <property name="surefire.test.class.path" value="C:\vmware\workspace\ch8_BookCatalog\test\classes;C:\vmware\workspace\ch8_BookCatalog\target\classes;C:\Users\agoli\.m2\repository\javax\portlet\portlet-api\2.0\portlet-api-2.0.jar;C:\Users\agoli\.m2\repository\javax\servlet\jstl\1.1.1\jstl-1.1.1.jar;C:\Users\agoli\.m2\repository\log4j\log4j\1.2.14\log4j-1.2.14.jar;C:\Users\agoli\.m2\repository\taglibs\standard\1.1.2\standard-1.1.2.jar;C:\Users\agoli\.m2\repository\commons-logging\commons-logging\1.1.1\commons-logging-1.1.1.jar;C:\Users\agoli\.m2\repository\commons-lang\commons-lang\2.4\commons-lang-2.4.jar;C:\Users\agoli\.m2\repository\org\springframework\spring-asm\3.0.0.RELEASE\spring-asm-3.0.0.RELEASE.jar;C:\Users\agoli\.m2\repository\org\springframework\spring-beans\3.0.0.RELEASE\spring-beans-3.0.0.RELEASE.jar;C:\Users\agoli\.m2\repository\org\springframework\spring-context\3.0.0.RELEASE\spring-context-3.0.0.RELEASE.jar;C:\Users\agoli\.m2\repository\org\springframework\spring-core\3.0.0.RELEASE\spring-core-3.0.0.RELEASE.jar;C:\Users\agoli\.m2\repository\org\springframework\spring-expression\3.0.0.RELEASE\spring-expression-3.0.0.RELEASE.jar;C:\Users\agoli\.m2\repository\org\springframework\spring-webmvc-portlet\3.0.0.RELEASE\spring-webmvc-portlet-3.0.0.RELEASE.jar;C:\Users\agoli\.m2\repository\org\springframework\spring-webmvc\3.0.0.RELEASE\spring-webmvc-3.0.0.RELEASE.jar;C:\Users\agoli\.m2\repository\org\springframework\spring-web\3.0.0.RELEASE\spring-web-3.0.0.RELEASE.jar;C:\Users\agoli\.m2\repository\aopalliance\aopalliance\1.0\aopalliance-1.0.jar;C:\Users\agoli\.m2\repository\org\springframework\spring-test\3.0.0.RELEASE\spring-test-3.0.0.RELEASE.jar;C:\Users\agoli\.m2\repository\junit\junit\4.5\junit-4.5.jar;C:\Users\agoli\.m2\repository\org\hibernate\hibernate-validator\4.0.0.GA\hibernate-validator-4.0.0.GA.jar;C:\Users\agoli\.m2\repository\javax\validation\validation-api\1.0.0.GA\validation-api-1.0.0.GA.jar;C:\Users\agoli\.m2\repository\org\slf4j\slf4j-api\1.5.6\slf4j-api-1.5.6.jar;C:\Users\agoli\.m2\repository\javax\xml\bind\jaxb-api\2.1\jaxb-api-2.1.jar;C:\Users\agoli\.m2\repository\javax\xml\stream\stax-api\1.0-2\stax-api-1.0-2.jar;C:\Users\agoli\.m2\repository\javax\activation\activation\1.1\activation-1.1.jar;C:\Users\agoli\.m2\repository\com\sun\xml\bind\jaxb-impl\2.1.3\jaxb-impl-2.1.3.jar;C:\Users\agoli\.m2\repository\org\slf4j\slf4j-log4j12\1.5.6\slf4j-log4j12-1.5.6.jar;"/>
    <property name="java.specification.name" value="Java Platform API Specification"/>
    <property name="java.class.version" value="50.0"/>
    <property name="sun.management.compiler" value="HotSpot 64-Bit Server Compiler"/>
    <property name="os.version" value="6.1"/>
    <property name="user.home" value="C:\Users\agoli"/>
    <property name="user.timezone" value="Asia/Calcutta"/>
    <property name="java.awt.printerjob" value="sun.awt.windows.WPrinterJob"/>
    <property name="java.specification.version" value="1.6"/>
    <property name="file.encoding" value="Cp1252"/>
    <property name="user.name" value="agoli"/>
    <property name="java.class.path" value="C:\vmware\workspace\ch8_BookCatalog\test\classes;C:\vmware\workspace\ch8_BookCatalog\target\classes;C:\Users\agoli\.m2\repository\javax\portlet\portlet-api\2.0\portlet-api-2.0.jar;C:\Users\agoli\.m2\repository\javax\servlet\jstl\1.1.1\jstl-1.1.1.jar;C:\Users\agoli\.m2\repository\log4j\log4j\1.2.14\log4j-1.2.14.jar;C:\Users\agoli\.m2\repository\taglibs\standard\1.1.2\standard-1.1.2.jar;C:\Users\agoli\.m2\repository\commons-logging\commons-logging\1.1.1\commons-logging-1.1.1.jar;C:\Users\agoli\.m2\repository\commons-lang\commons-lang\2.4\commons-lang-2.4.jar;C:\Users\agoli\.m2\repository\org\springframework\spring-asm\3.0.0.RELEASE\spring-asm-3.0.0.RELEASE.jar;C:\Users\agoli\.m2\repository\org\springframework\spring-beans\3.0.0.RELEASE\spring-beans-3.0.0.RELEASE.jar;C:\Users\agoli\.m2\repository\org\springframework\spring-context\3.0.0.RELEASE\spring-context-3.0.0.RELEASE.jar;C:\Users\agoli\.m2\repository\org\springframework\spring-core\3.0.0.RELEASE\spring-core-3.0.0.RELEASE.jar;C:\Users\agoli\.m2\repository\org\springframework\spring-expression\3.0.0.RELEASE\spring-expression-3.0.0.RELEASE.jar;C:\Users\agoli\.m2\repository\org\springframework\spring-webmvc-portlet\3.0.0.RELEASE\spring-webmvc-portlet-3.0.0.RELEASE.jar;C:\Users\agoli\.m2\repository\org\springframework\spring-webmvc\3.0.0.RELEASE\spring-webmvc-3.0.0.RELEASE.jar;C:\Users\agoli\.m2\repository\org\springframework\spring-web\3.0.0.RELEASE\spring-web-3.0.0.RELEASE.jar;C:\Users\agoli\.m2\repository\aopalliance\aopalliance\1.0\aopalliance-1.0.jar;C:\Users\agoli\.m2\repository\org\springframework\spring-test\3.0.0.RELEASE\spring-test-3.0.0.RELEASE.jar;C:\Users\agoli\.m2\repository\junit\junit\4.5\junit-4.5.jar;C:\Users\agoli\.m2\repository\org\hibernate\hibernate-validator\4.0.0.GA\hibernate-validator-4.0.0.GA.jar;C:\Users\agoli\.m2\repository\javax\validation\validation-api\1.0.0.GA\validation-api-1.0.0.GA.jar;C:\Users\agoli\.m2\repository\org\slf4j\slf4j-api\1.5.6\slf4j-api-1.5.6.jar;C:\Users\agoli\.m2\repository\javax\xml\bind\jaxb-api\2.1\jaxb-api-2.1.jar;C:\Users\agoli\.m2\repository\javax\xml\stream\stax-api\1.0-2\stax-api-1.0-2.jar;C:\Users\agoli\.m2\repository\javax\activation\activation\1.1\activation-1.1.jar;C:\Users\agoli\.m2\repository\com\sun\xml\bind\jaxb-impl\2.1.3\jaxb-impl-2.1.3.jar;C:\Users\agoli\.m2\repository\org\slf4j\slf4j-log4j12\1.5.6\slf4j-log4j12-1.5.6.jar;"/>
    <property name="java.vm.specification.version" value="1.0"/>
    <property name="sun.arch.data.model" value="64"/>
    <property name="java.home" value="C:\vmware\jdk1.6.0_22\jre"/>
    <property name="java.specification.vendor" value="Sun Microsystems Inc."/>
    <property name="user.language" value="en"/>
    <property name="awt.toolkit" value="sun.awt.windows.WToolkit"/>
    <property name="java.vm.info" value="mixed mode"/>
    <property name="java.version" value="1.6.0_22"/>
    <property name="java.ext.dirs" value="C:\vmware\jdk1.6.0_22\jre\lib\ext;C:\WINDOWS\Sun\Java\lib\ext"/>
    <property name="sun.boot.class.path" value="C:\vmware\jdk1.6.0_22\jre\lib\resources.jar;C:\vmware\jdk1.6.0_22\jre\lib\rt.jar;C:\vmware\jdk1.6.0_22\jre\lib\sunrsasign.jar;C:\vmware\jdk1.6.0_22\jre\lib\jsse.jar;C:\vmware\jdk1.6.0_22\jre\lib\jce.jar;C:\vmware\jdk1.6.0_22\jre\lib\charsets.jar;C:\vmware\jdk1.6.0_22\jre\classes"/>
    <property name="java.vendor" value="Sun Microsystems Inc."/>
    <property name="localRepository" value="C:\Users\agoli\.m2\repository"/>
    <property name="file.separator" value="\"/>
    <property name="java.vendor.url.bug" value="http://java.sun.com/cgi-bin/bugreport.cgi"/>
    <property name="sun.cpu.endian" value="little"/>
    <property name="sun.io.unicode.encoding" value="UnicodeLittle"/>
    <property name="sun.desktop" value="windows"/>
    <property name="sun.cpu.isalist" value="amd64"/>
  </properties>
  <testcase time="0.383" classname="chapter08.code.listing.controller.test.AddBookControllerTestContext" name="testShowAddBookForm"/>
  <testcase time="0" classname="chapter08.code.listing.controller.test.AddBookControllerTestContext" name="testAddBook"/>
  <testcase time="0.085" classname="chapter08.code.listing.controller.test.AddBookControllerTestContext" name="testBook"/>
</testsuite>